<?xml version="1.0" encoding="UTF-8"?>
<!-- Generated by org.testng.reporters.JUnitReportReporter -->
<testsuite hostname="DESKTOP-FVS46NS" name="testrunners.myPortfolioTestStocks" tests="1" failures="0" timestamp="28 Jun 2022 22:37:19 GMT" time="74.732" errors="0">
  <testcase name="feature" time="74.732" classname="testrunners.myPortfolioTestStocks"/>
</testsuite> <!-- testrunners.myPortfolioTestStocks -->
