<?xml version="1.0" encoding="UTF-8"?>
<!-- Generated by org.testng.reporters.JUnitReportReporter -->
<testsuite hostname="DESKTOP-FVS46NS" name="testrunners.myWatchlistTest" tests="1" failures="0" timestamp="28 Jun 2022 22:39:10 GMT" time="74.192" errors="0">
  <testcase name="feature" time="74.192" classname="testrunners.myWatchlistTest"/>
</testsuite> <!-- testrunners.myWatchlistTest -->
